<?xml version="1.0" encoding="UTF-8"?>
<!-- Generated by org.testng.reporters.JUnitReportReporter -->
<testsuite hostname="RachanaLokesh" failures="0" tests="3" name="TestCases" time="34.015" errors="0" timestamp="2 Mar 2024 13:24:04 GMT">
  <testcase classname="TestCases" name="test3" time="32.739"/>
  <testcase classname="TestCases" name="test1" time="0.163"/>
  <testcase classname="TestCases" name="test2" time="1.113"/>
</testsuite> <!-- TestCases -->
